G:\ASPIRE\web_development\Training_Repository\VShop\Vshop_back\VShop\Angular\dist\out-tsc\e2e\src\app.po.js
G:\ASPIRE\web_development\Training_Repository\VShop\Vshop_back\VShop\Angular\dist\out-tsc\e2e\src\app.po.js.map
G:\ASPIRE\web_development\Training_Repository\VShop\Vshop_back\VShop\Angular\dist\out-tsc\e2e\src\app.e2e-spec.js
G:\ASPIRE\web_development\Training_Repository\VShop\Vshop_back\VShop\Angular\dist\out-tsc\e2e\src\app.e2e-spec.js.map
G:\ASPIRE\web_development\Training_Repository\VShop\Vshop_back\VShop\Angular\dist\out-tsc\src\app\admin-panel\admin-panel.component.js
G:\ASPIRE\web_development\Training_Repository\VShop\Vshop_back\VShop\Angular\dist\out-tsc\src\app\admin-panel\admin-panel.component.js.map
G:\ASPIRE\web_development\Training_Repository\VShop\Vshop_back\VShop\Angular\dist\out-tsc\src\app\shared\UserCourseDetail.js
G:\ASPIRE\web_development\Training_Repository\VShop\Vshop_back\VShop\Angular\dist\out-tsc\src\app\shared\UserCourseDetail.js.map
G:\ASPIRE\web_development\Training_Repository\VShop\Vshop_back\VShop\Angular\dist\out-tsc\src\app\shared\user.service.js
G:\ASPIRE\web_development\Training_Repository\VShop\Vshop_back\VShop\Angular\dist\out-tsc\src\app\shared\user.service.js.map
G:\ASPIRE\web_development\Training_Repository\VShop\Vshop_back\VShop\Angular\dist\out-tsc\src\app\adminhome\addcourse\addcourse.component.js
G:\ASPIRE\web_development\Training_Repository\VShop\Vshop_back\VShop\Angular\dist\out-tsc\src\app\adminhome\addcourse\addcourse.component.js.map
G:\ASPIRE\web_development\Training_Repository\VShop\Vshop_back\VShop\Angular\dist\out-tsc\src\app\adminhome\adminhome.component.js
G:\ASPIRE\web_development\Training_Repository\VShop\Vshop_back\VShop\Angular\dist\out-tsc\src\app\adminhome\adminhome.component.js.map
G:\ASPIRE\web_development\Training_Repository\VShop\Vshop_back\VShop\Angular\dist\out-tsc\src\app\auth\auth.guard.js
G:\ASPIRE\web_development\Training_Repository\VShop\Vshop_back\VShop\Angular\dist\out-tsc\src\app\auth\auth.guard.js.map
G:\ASPIRE\web_development\Training_Repository\VShop\Vshop_back\VShop\Angular\dist\out-tsc\src\app\courseexplorer\courseexplorer.component.js
G:\ASPIRE\web_development\Training_Repository\VShop\Vshop_back\VShop\Angular\dist\out-tsc\src\app\courseexplorer\courseexplorer.component.js.map
G:\ASPIRE\web_development\Training_Repository\VShop\Vshop_back\VShop\Angular\dist\out-tsc\src\app\forbidden\forbidden.component.js
G:\ASPIRE\web_development\Training_Repository\VShop\Vshop_back\VShop\Angular\dist\out-tsc\src\app\forbidden\forbidden.component.js.map
G:\ASPIRE\web_development\Training_Repository\VShop\Vshop_back\VShop\Angular\dist\out-tsc\src\app\home\home.component.js
G:\ASPIRE\web_development\Training_Repository\VShop\Vshop_back\VShop\Angular\dist\out-tsc\src\app\home\home.component.js.map
G:\ASPIRE\web_development\Training_Repository\VShop\Vshop_back\VShop\Angular\dist\out-tsc\src\app\search\search.component.js
G:\ASPIRE\web_development\Training_Repository\VShop\Vshop_back\VShop\Angular\dist\out-tsc\src\app\search\search.component.js.map
G:\ASPIRE\web_development\Training_Repository\VShop\Vshop_back\VShop\Angular\dist\out-tsc\src\app\user\enrolledcourses\enrolledcourses.component.js
G:\ASPIRE\web_development\Training_Repository\VShop\Vshop_back\VShop\Angular\dist\out-tsc\src\app\user\enrolledcourses\enrolledcourses.component.js.map
G:\ASPIRE\web_development\Training_Repository\VShop\Vshop_back\VShop\Angular\dist\out-tsc\src\app\user\login\login.component.js
G:\ASPIRE\web_development\Training_Repository\VShop\Vshop_back\VShop\Angular\dist\out-tsc\src\app\user\login\login.component.js.map
G:\ASPIRE\web_development\Training_Repository\VShop\Vshop_back\VShop\Angular\dist\out-tsc\src\app\user\registration\registration.component.js
G:\ASPIRE\web_development\Training_Repository\VShop\Vshop_back\VShop\Angular\dist\out-tsc\src\app\user\registration\registration.component.js.map
G:\ASPIRE\web_development\Training_Repository\VShop\Vshop_back\VShop\Angular\dist\out-tsc\src\app\user\user.component.js
G:\ASPIRE\web_development\Training_Repository\VShop\Vshop_back\VShop\Angular\dist\out-tsc\src\app\user\user.component.js.map
G:\ASPIRE\web_development\Training_Repository\VShop\Vshop_back\VShop\Angular\dist\out-tsc\src\app\app-routing.module.js
G:\ASPIRE\web_development\Training_Repository\VShop\Vshop_back\VShop\Angular\dist\out-tsc\src\app\app-routing.module.js.map
G:\ASPIRE\web_development\Training_Repository\VShop\Vshop_back\VShop\Angular\dist\out-tsc\src\app\app.component.js
G:\ASPIRE\web_development\Training_Repository\VShop\Vshop_back\VShop\Angular\dist\out-tsc\src\app\app.component.js.map
G:\ASPIRE\web_development\Training_Repository\VShop\Vshop_back\VShop\Angular\dist\out-tsc\src\app\auth\auth.interceptor.js
G:\ASPIRE\web_development\Training_Repository\VShop\Vshop_back\VShop\Angular\dist\out-tsc\src\app\auth\auth.interceptor.js.map
G:\ASPIRE\web_development\Training_Repository\VShop\Vshop_back\VShop\Angular\dist\out-tsc\src\app\searchfilter.pipe.js
G:\ASPIRE\web_development\Training_Repository\VShop\Vshop_back\VShop\Angular\dist\out-tsc\src\app\searchfilter.pipe.js.map
G:\ASPIRE\web_development\Training_Repository\VShop\Vshop_back\VShop\Angular\dist\out-tsc\src\app\adminhome\searchedit\searchedit.component.js
G:\ASPIRE\web_development\Training_Repository\VShop\Vshop_back\VShop\Angular\dist\out-tsc\src\app\adminhome\searchedit\searchedit.component.js.map
G:\ASPIRE\web_development\Training_Repository\VShop\Vshop_back\VShop\Angular\dist\out-tsc\src\app\app.module.js
G:\ASPIRE\web_development\Training_Repository\VShop\Vshop_back\VShop\Angular\dist\out-tsc\src\app\app.module.js.map
G:\ASPIRE\web_development\Training_Repository\VShop\Vshop_back\VShop\Angular\dist\out-tsc\src\environments\environment.js
G:\ASPIRE\web_development\Training_Repository\VShop\Vshop_back\VShop\Angular\dist\out-tsc\src\environments\environment.js.map
G:\ASPIRE\web_development\Training_Repository\VShop\Vshop_back\VShop\Angular\dist\out-tsc\src\main.js
G:\ASPIRE\web_development\Training_Repository\VShop\Vshop_back\VShop\Angular\dist\out-tsc\src\main.js.map
G:\ASPIRE\web_development\Training_Repository\VShop\Vshop_back\VShop\Angular\dist\out-tsc\src\polyfills.js
G:\ASPIRE\web_development\Training_Repository\VShop\Vshop_back\VShop\Angular\dist\out-tsc\src\polyfills.js.map
G:\ASPIRE\web_development\Training_Repository\VShop\Vshop_back\VShop\Angular\dist\out-tsc\src\test.js
G:\ASPIRE\web_development\Training_Repository\VShop\Vshop_back\VShop\Angular\dist\out-tsc\src\test.js.map
G:\ASPIRE\web_development\Training_Repository\VShop\Vshop_back\VShop\Angular\dist\out-tsc\src\app\app.component.spec.js
G:\ASPIRE\web_development\Training_Repository\VShop\Vshop_back\VShop\Angular\dist\out-tsc\src\app\app.component.spec.js.map
G:\ASPIRE\web_development\Training_Repository\VShop\Vshop_back\VShop\Angular\dist\out-tsc\src\app\searchfilter.pipe.spec.js
G:\ASPIRE\web_development\Training_Repository\VShop\Vshop_back\VShop\Angular\dist\out-tsc\src\app\searchfilter.pipe.spec.js.map
G:\ASPIRE\web_development\Training_Repository\VShop\Vshop_back\VShop\Angular\dist\out-tsc\src\app\adminhome\adminhome.component.spec.js
G:\ASPIRE\web_development\Training_Repository\VShop\Vshop_back\VShop\Angular\dist\out-tsc\src\app\adminhome\adminhome.component.spec.js.map
G:\ASPIRE\web_development\Training_Repository\VShop\Vshop_back\VShop\Angular\dist\out-tsc\src\app\user\user.component.spec.js
G:\ASPIRE\web_development\Training_Repository\VShop\Vshop_back\VShop\Angular\dist\out-tsc\src\app\user\user.component.spec.js.map
G:\ASPIRE\web_development\Training_Repository\VShop\Vshop_back\VShop\Angular\dist\out-tsc\src\environments\environment.prod.js
G:\ASPIRE\web_development\Training_Repository\VShop\Vshop_back\VShop\Angular\dist\out-tsc\src\environments\environment.prod.js.map
